Anul: 2021

Numarul de zile: 365

Anul este bisect? Nu

Media numarului de evenimente per luna pentru acest an este: 0

Media numarului de evenimente sterse per luna este: 0

Activitatea preferata din acest an este: Citit

Tipul anului este: l 
 --Tip l(liber)-media numarului de evenimente per luna <1 
 --Tip n(normal)-media este cuprinsa intre [1,4] 
 --Tip o(ocupat)-media >4 

Anul se scrie: Doua mii douazeci si unu


Lunile din an sunt: 

Numarul lunii curente: 1
Numarul de zile din luna: 31
Numele lunii: Ianuarie
Numarul activitati din aceasta luna: 0

Numarul lunii curente: 2
Numarul de zile din luna: 28
Numele lunii: Februarie
Numarul activitati din aceasta luna: 0

Numarul lunii curente: 3
Numarul de zile din luna: 31
Numele lunii: Martie
Numarul activitati din aceasta luna: 0

Numarul lunii curente: 4
Numarul de zile din luna: 30
Numele lunii: Aprilie
Numarul activitati din aceasta luna: 0

Numarul lunii curente: 5
Numarul de zile din luna: 31
Numele lunii: Mai
Numarul activitati din aceasta luna: 0

Numarul lunii curente: 6
Numarul de zile din luna: 30
Numele lunii: Iunie
Numarul activitati din aceasta luna: 0

Numarul lunii curente: 7
Numarul de zile din luna: 31
Numele lunii: Iulie
Numarul activitati din aceasta luna: 0

Numarul lunii curente: 8
Numarul de zile din luna: 31
Numele lunii: August
Numarul activitati din aceasta luna: 0

Numarul lunii curente: 9
Numarul de zile din luna: 30
Numele lunii: Septembrie
Numarul activitati din aceasta luna: 0

Numarul lunii curente: 10
Numarul de zile din luna: 31
Numele lunii: Octombrie
Numarul activitati din aceasta luna: 0

Numarul lunii curente: 11
Numarul de zile din luna: 30
Numele lunii: Noiembrie
Numarul activitati din aceasta luna: 0

Numarul lunii curente: 12
Numarul de zile din luna: 31
Numele lunii: Decembrie
Numarul activitati din aceasta luna: 0

